    1  passwd
    2  wget www.github.com
    3  git
    4  pwd
    5  echo "# cs131" >> README.md
    6  git init
    7  git add README.md
    8  git commit -m "first commit"
    9  git branch -M main
   10  git remote add origin git@github.com:hishaamg21/cs131.git
   11  cd ~/Desktop
   12  ls
   13  cd
   14  pdw
   15  pwd
   16  cd /home
   17  cd /home/mmobin/Desktop
   18  cd
   19  cd /home/mmobin/Desktop
   20  cd /home/hishaam23fa/Desktop
   21  cd
   22  cd /home
   23  mkdir home
   24  mkdir ws1
   25  cd
   26  mkdir ws1
   27  cd /ws1
   28  cd ws1
   29  git init
   30  cd
   31  mkdir cs131
   32  cd cs131
   33  git init
   34  touch ws1.txt
   35  ls
   36  git status
   37  git commit -m "My first commit?"
   38  git status
   39  git commit
   40  git status
   41  git add
   42  ls
   43  pwd
   44  git status
   45  git commit -m "First commit"
   46  git add ws1.txt
   47  pdw
   48  pwd
   49  -m
   50  git commit
   51  cd cs131
   52  ls
   53  git commit
   54  cd cs131
   55  pwd
   56  wget www.github.com
   57  git status
   58  history > cmds.log
