
 1096  mkdir a2
 1097  cat tail -100 cmd.log
 1098  tail -100 cmd.log
 1099  ls
 1100  cd
 1101  cd taxidata
 1107  ls
 1108  grep -E ".....2019-05-11" 2019-05.csv > may.txt
 1109  ls
 1110  head may.txt
 1114  ls
 1115  cut -d',' -f17 2019-05.csv >> may.txt
 1116  ls
 1117  head may.txt
 1118  grep -e "2019-05-11" may.txt > temp.txt
 1119  head temp.txt
 1120  cut -f2 -d, may.txt >> temp1.txt
 1124  ls
 1125  cat results.txt
 1126  rm results.txt
 1127  cat may.txt | paste -s -d+ | bc > results.txt
 1128  ls
 1129  head may.txt
 1130   cut -f2,17 -d, 2019-05.csv > may.txt
 1131  grep -e "2019-05-11" may.txt > temp.txt
 1132  cut -f2 -d, temp.txt > temp2.txt
 1133  cat temp2.txt | paste -s -d+ | bc > mayresult.txt
 1134  wc -l < temp2.txt >> mayresult.txt
 1135  ls
 1136  cat mayresult.txt | paste -s -d/ | bc -l >> a2.txt
 1137  cd ..
 1138  ls
 1139  cd taxidata
 1140  grep -E "^[^,]*,\"2019-05-11" 2019-05.csv | cut -f17 -d, | sort -nr | head -1 >> a2.txt
 1175  grep -E "^([^,]*,){3}([3-9]|\d\d\d*)" 2019-05.csv | cut -d, -f9 | sort -n | uniq -c | sort -nr | head -10 >> a2.txt
 1186  grep -E "^[^,]*,\"2019-05-20" 2019-05.csv | cut -f8 -d, | sort -n | uniq -c | sort -nr | head -1 | cut -b9-14
 1192  grep -E "^([^,]*,)\"2019-05-20[^,]*,([^,]*,){5}237.0" 2019-05.csv | cut -f9 -d, | sort -n | uniq -c | sort -nr | head -1 | cut -b9-14 >> a2.txt
 
 1201  for FILE in *; do cut -f9 -d, $FILE >> temp.txt; done
 1209  sort -n temp.txt | uniq -c | sort -nr | head -1 >> a2.txt 
 1220  ls
 1221      cat a2.txt
 1222      mv a2.txt ../
 1223      mv a2.txt cs131
 1224     mv a2.txt a2
 1225     history > cmds.log
