Task 1:
 1022  cd taxidata
 1023  ls
 1024  head -10 2019-08.csv
 1025  awk -F ',' 'NR > 1 { locations[$8] += $17; counts[$8]++ } END { for (l in locations) { print l, locationss[l] / counts[l] } }' 2019-08.csv > a3_temp.txt
 1026  ls
 1035  cat a3_temp.txt | sort -k2nr | head -10 > a3.txt
 1036  cat a3.txt
 1038  vim a3.txt

Task 2:
 1045  head -10 2019-08.csv
 1046  awk -F ',' 'NR > 1 { location_pair[$8, $9] += $17; counts[$8, $9]++ } END { for (l in location_pair) { print l, location_pair[l] / counts[l] } }' 2019-08.csv > a3_temp2.txt
 1047  cat a3_temp2.txt | sort -k2nr | head -1 >> a3.txt
 1048  vim a3.txt
 1049  head -10 2019-08.csv

Task 3
 1051  awk -F ',' 'NR > 1 { passengers[$4] += $14; counts[$4]++ } END { for (p in passengers) { print p, passengers[p] / counts[p] } }' 2019-08.csv > a3t3.dat
 1052  head -10 a3t3.dat
 1053  vim a3t3.dat
 1054  vim 2019-08.csv
 1055  cat a3t3.dat

Task 4
 1058  awk -F ',' 'NR > 1 { distances[$5] += $17; counts[$5]++ } END { for (d in distances) { print d, distances[d] / counts[d] } }' 2019-08.csv > a3t4.dat
 1059  vim a3t4.dat
 1060  wc -l a3t4.dat
 1061  vim a3t4.dat
