set terminal svg
set out 'a3t3.svg'
set boxwidth 0.6 relative
set style histogram 

set datafile separator ' '

set title "PersonTips"
set xlabel "numPersons"
set ylabel "avgTips"
set yrange[0:10]
set xrange[0:10]

set xrange[0:10]
set lmargin 20                                                               
set xtics 1
set ytics 0.5

plot 'three.dat' using 1:2 with boxes
set terminal svg
set out 'a3t4.svg'
set style fill transparent solid 0.2 noborder
set datafile separator ' '

set title "distance-avgCost"
set xlabel "distance"
set ylabel "avg cost"

set autoscale x
set autoscale y

set lmargin 20                                                               

plot 'four.dat' using 1:2 with points pt 1
