    1  passwd
    2  wget www.github.com
    3  git
    4  pwd
    5  echo "# cs131" >> README.md
    6  git init
    7  git add README.md
    8  git commit -m "first commit"
    9  git branch -M main
   10  git remote add origin git@github.com:hishaamg21/cs131.git
   11  cd ~/Desktop
   12  ls
   13  cd
   14  pdw
   15  pwd
   16  cd /home
   17  cd /home/mmobin/Desktop
   18  cd
   19  cd /home/mmobin/Desktop
   20  cd /home/hishaam23fa/Desktop
   21  cd
   22  cd /home
   23  mkdir home
   24  mkdir ws1
   25  cd
   26  mkdir ws1
   27  cd /ws1
   28  cd ws1
   29  git init
   30  cd
   31  mkdir cs131
   32  cd cs131
   33  git init
   34  touch ws1.txt
   35  ls
   36  git status
   37  git commit -m "My first commit?"
   38  git status
   39  git commit
   40  git status
   41  git add
   42  ls
   43  pwd
   44  git status
   45  git commit -m "First commit"
   46  git add ws1.txt
   47  pdw
   48  pwd
   49  -m
   50  git commit
   51  cd cs131
   52  ls
   53  git commit
   54  cd cs131
   55  pwd
   56  wget www.github.com
   57  git status
   58  history > cmds.log
   59  rm. index.jtml.1
   60  ls
   61  git add cmds.log
   62  ls
   63  git status
   64  git commit -m "ws1 cmds.log commit"
   65  git config --global user.email "hishaamg11@gmail.com"
   66  git config --global user.name "hishaamg21"
   67  git commit -m "ws1 cmds.log commit"
   68  git branch master my-first-branch
   69  git branch 
   70  git branch my-new-branch
   71  git branch
   72  git checkout my-new-branch
   73  git brancch
   74  git branch
   75  git remote add origin https://github.com/hishaamg21/cs131.git
   76  git push -u origin master
   77  git remote add origin https://github.com/hishaamg21/cs131.git
   78  git push -u origin my-new-branch
   79  git push origin my-new-branch
   80  got config
   81  git config
   82  git config --global user.email "hishaamg11@gmail.com"
   83  git config --global user.name "hishaamg21"
   84  git status
   85  git init
   86  cd
   87  git init
   88  ls
   89  cd ws1
   90  git status
   91  cd cs131
   92  cd /cs131
   93  cd 131
   94  cd
   95  cd cs131
   96  ls
   97  git remote add origin https://github.com/hishaamg21/cs131.git
   98  git push -u origin master
   99  git remote add origin https://github.com/hishaamg21/cs131.git
  100  git push -u origin master
  101  history > cmds.log
  102  cmdls.log
  103  git push -u origin master
  104  git status
  105  ls
  106  port
  107  git push -u origin master
  108  aC1lZDI1NTE5AAAAIGpOl8HXfxq9a2yq
  109  0FdlFQZQDOqmNeyJYBpKTB2vsVP1AAAAoL9fPlE17LBGwtW7iAViJ7WRmFhdS+zu824rlo
  110  KTsTF2NH0FGRHS+memrDr0cJIpwElDxNLxlL8r6iVRz/NQHydsG72AB0eVUk2onFdpGGbh
  111  WMcMWkIWhp0Dzit2fPCkdx+/pc7i8SfPHgpLNZSPblBdLHuIvn5nPfZxsEp76K0/zav/Ky
  112  Pb0XeONR6s2WX7zP7dkpqPERConhaEJSlnC2k=
  113  git push -u origin master
  114  git push my-new-branch
  115  git status
  116  git push origin my-new-branch
  117  pwd
  118  cd
  119  cd\pwd
  120  cd\cs131
  121  cs131
  122  cd home
  123  wget www.github.com
  124  git@github.com:hishaamg21/cs131.git
  125  https://github.com/hishaamg21/cs131.git
  126  git@github.com:hishaamg21/cs131.git
  127  echo "# cs131" >> README.md
  128  git init
  129  git add README.md
  130  git commit -m "first commit"
  131  git branch -M main
  132  git remote add origin git@github.com:hishaamg21/cs131.git
  133  git push -u origin main
  134  git remote add origin git@github.com:hishaamg21/cs131.git
  135  git branch -M main
  136  git push -u origin main
  137  git@github.com:hishaamg21/cs131.git
  138  pwd
  139  cd
  140  cd cs131
  141  git init
  142  git add README.md
  143  git commit -m "fist commit"
  144   git config --global user.email "you@example.com"
  145    git config --global user.name "Your Name"
  146   git config --global user.email "hishaamg11@gmail.com"
  147    git config --global user.name "hishaamg21"
  148  git config --global user.email "hishaamg11@gmail.com"
  149  [hishaam23fa@sjsu ~]$   git config --global user.name "hishaamg21"
  150  git config --global user.email "hishaamg11@gmail.com"
  151  git config --global user.name "hishaamg21"
  152  --global
  153  Omit --global
  154  git remote add origin git@github.com:hishaamg21/cs131.git
  155  git branch -M main
  156  git push -u origin main
  157  cd  hishaamg21/cs131
  158  git@github.com:hishaamg21/cs131.git
  159  ls
  160  history > cmds.log
  161  history >cmds.log
  162  history > cmds.log
  163  cd
  164  cd~/Desktop
  165  pdw
  166  pwd
  167  pwd ~/Desktop
  168  cd~\desktop
  169  cd Desktop
  170  mkdir worksheet1
  171  wget www.github.com
  172  ls
  173  pdw
  174  pwd
  175  cd /pwd
  176  cd / pwd
  177  cd/pwd
  178  cd/home
  179  cd /home
  180  pwd
  181  cd /Desktop
  182  pwd
  183  cd /destop
  184  cd /thisPC
  185  cd home
  186  cd home pwd
  187  cd..
  188  cd ..
  189  cd /home
  190  pwd
  191  cd
  192  cd/home
  193  cd /home
  194  cd ../../ect
  195  cd /ect
  196  cd ../..
  197  cd ..
  198  cd /ect
  199  cd/home
  200  cd
  201  cd ect
  202  whoami
  203  ls
  204  cd cs131
  205  ls
  206  hellovim.txt
  207  i
  208  I
  209  vim hellovim.txt
  210  vim
  211  cd cs131
  212  ls
  213  hellovim.txt
  214  vim hellovim.txt
  215  ls
  216  cd
  217  ls
  218  rm worksheet1
  219  ls
  220  cd cs131
  221  ls
  222  cd worksheet 1
  223  cd /worksheet1
  224  cd
  225  cd/home
  226  cd hom
  227  cd home
  228  cd ..
  229  cd
  230  cd master
  231  cd 
  232  ls
  233  cd ws1
  234  vim
  235  vim sample.txt
  236  sort searchsample.txt
  237  sort seach sample.txt
  238  sort sample.txt
  239  cat sample.txt
  240  wc sample.txt
  241  'm
  242  1
  243  'm
  244  ls
  245  rm /README.md
  246  vim sample.txt
  247  uniq -c sample.txt
  248  sort sample.txt
  249  sort sample.txt > sample2.txt
  250  ls
  251  cat sample2.txt
  252  grep
  253  grep hello sample.txt
  254  man grep
  255  grep -E ^h
  256  cd /131
  257  cd 131
  258  cd /cs131
  259  cd cs131
  260  touch hellovim.txt
  261  ls
  262  date
  263  ls
  264  cat sample.txt
  265  cd cs 131
  266  cd cs131
  267  cat sample.txt
  268  cd
  269  cat cdmds.log
  270  cat err.txt
  271  date
  272  date aa
  273  date 24
  274  cd cs131
  275  mkdir /ws1
  276  cs 131
  277  cs131
  278  cd
  279  cs131
  280  cd csa131
  281  cd cs131
  282  ls
  283  cd taxidata
  284  ls
  285  .*,.*,
  286  .*,.*,"2019-03-12 .*"
  287  .*,.*,"2019-03-12 .*\"


  288  grep ".*,.*,\"2019-03-12.*" 2019-03.csv | tail -n 20 > results2.txt
  289  ls
  290  cat results2.txt
  291  git pull origin master
  292  cd
  293  git log
  294  got pull
  295  git pull
  296  cd cs131
  297  git pull
  298  git log
  299  ls
  300  git pull origin master
  301  cd
  302  ls
  303  cd taxidata
  304  ls
  305  git pull origin master
  306  git https://github.com/hishaamg21/cs131/tree/master/ws2
  307  https://github.com/hishaamg21/cs131/tree/master/ws2
  308  git pull https://github.com/hishaamg21/cs131/tree/master/ws2
  309  git pull https://github.com/hishaamg21
  310  git https://github.com/hishaamg21
  311  mv results2.txt
  312  mv results2.txt cs131
  313  ls
  314  cd cs131
  315  cd
  316  cd cs131
  317  ls
  318  cs131
  319  cat cs131
  320  ls
  321  cd
  322  ls
  323  git origin master
  324  git pull origin master
  325  cd cs131
  326  git pull origin master
  327  mv results2.txt ws2
  328  tail results2.txt
  329  cd
  330  mv results2.txt ws2
  331  ls
  332  cd taxidata
  333  ls
  334  cs131
  335  cat cs31
  336  cat cs131
  337  mv cs131 results2.txt
  338  ls
  339  mv results2.txt ws2
  340  ls
  341  cd ws2
  342  cd
  343  ls
  344  cd cs131
  345  ls
  346  cd ws2
  347  ls
  348  cd
  349  cd taxidata
  350  ls
  351  mv ws2 results2.txt 
  352  ls
  353  mv results2.txt ../
  354  ls
  355  cd
  356  ls
  357  mv results2.txt cs131
  358  ls
  359  cd cs131
  360  ls
  361  mv results2.txt ws2
  362  history > cmds.log
  363  ls
  364  cd
  365  cd taxidata
  366  ls
  367  history > cmds.log
  368  ls
  369  mv cmds.log ../
  370  ls
  371  cd
  372  mv cmds.log cs131
  373  cd cs131
  374  ls
  375  cd ws2
  376  ls
  377  cd /..
  378  cd../
  379  cd ../
  380  cs
  381  cd cs131
  382  cd
  383  cd cs131
  384  mv cmds.log ws2
  385  ls
  386  cd ws2
  387  history > cmds.log
